build/app/outputs/mapping/release/seeds.txt
androidx.window.embedding.SplitController: java.util.concurrent.locks.ReentrantLock globalLock
androidx.window.R$attr: int finishSecondaryWithPrimary
androidx.window.embedding.SplitController: androidx.window.embedding.SplitController$Companion Companion
io.flutter.plugin.editing.ImeSyncDeferringInsetsCallback: io.flutter.plugin.editing.ImeSyncDeferringInsetsCallback$AnimationCallback animationCallback
io.flutter.plugin.editing.ImeSyncDeferringInsetsCallback: boolean needsSave
androidx.window.R$attr: int activityName
androidx.window.layout.SidecarWindowBackend: androidx.window.layout.SidecarWindowBackend globalInstance
androidx.window.layout.ExtensionWindowLayoutInfoBackend: java.util.Map listenerToActivity
androidx.window.embedding.SplitPlaceholderRule: android.content.Intent placeholderIntent
io.flutter.embedding.engine.mutatorsstack.FlutterMutatorsStack: java.util.List finalClippingPaths
androidx.window.layout.ExtensionWindowLayoutInfoBackend: java.util.concurrent.locks.ReentrantLock extensionWindowBackendLock
androidx.window.layout.ActivityCompatHelperApi30: androidx.window.layout.ActivityCompatHelperApi30 INSTANCE
kotlinx.coroutines.internal.LockFreeTaskQueueCore: java.lang.Object _next
androidx.window.R$attr: int finishPrimaryWithSecondary
androidx.window.embedding.ActivityFilter: java.lang.String intentAction
androidx.window.layout.WindowMetricsCalculator$Companion$decorator$1: androidx.window.layout.WindowMetricsCalculator$Companion$decorator$1 INSTANCE
androidx.lifecycle.Lifecycle$Event: androidx.lifecycle.Lifecycle$Event ON_PAUSE
androidx.window.java.layout.WindowInfoTrackerCallbackAdapter$addListener$1$1: kotlinx.coroutines.flow.Flow $flow
androidx.window.embedding.ExtensionEmbeddingBackend: androidx.window.embedding.ExtensionEmbeddingBackend$EmbeddingCallbackImpl splitInfoEmbeddingCallback
kotlinx.coroutines.scheduling.WorkQueue: int consumerIndex
androidx.window.layout.SidecarCompat$DistinctSidecarElementCallback: androidx.window.layout.SidecarAdapter sidecarAdapter
io.flutter.view.FlutterCallbackInformation: java.lang.String callbackLibraryPath
androidx.window.R$styleable: int[] ActivityFilter
kotlinx.coroutines.EventLoopImplBase: java.lang.Object _delayed
io.flutter.embedding.engine.FlutterJNI: java.lang.String observatoryUri
androidx.window.layout.SidecarAdapter: androidx.window.layout.SidecarAdapter$Companion Companion
kotlinx.coroutines.internal.LockFreeTaskQueueCore: long _state
io.flutter.embedding.engine.FlutterJNI: io.flutter.plugin.platform.PlatformViewsController platformViewsController
androidx.window.core.Version: androidx.window.core.Version UNKNOWN
kotlinx.coroutines.internal.LockFreeLinkedListNode: java.lang.Object _next
androidx.window.core.Bounds: int top
androidx.window.layout.ExtensionWindowLayoutInfoBackend: androidx.window.extensions.layout.WindowLayoutComponent component
androidx.window.R$styleable: int[] ActivityRule
androidx.lifecycle.Lifecycle$Event: androidx.lifecycle.Lifecycle$Event ON_CREATE
androidx.window.layout.SidecarCompat$DistinctSidecarElementCallback: androidx.window.sidecar.SidecarDeviceState lastDeviceState
kotlinx.coroutines.CommonPool: java.util.concurrent.Executor pool
androidx.window.embedding.ActivityRule: java.util.Set filters
androidx.window.embedding.SplitPairRule: boolean finishPrimaryWithSecondary
androidx.window.layout.HardwareFoldingFeature$Type: androidx.window.layout.HardwareFoldingFeature$Type HINGE
androidx.window.embedding.ExtensionEmbeddingBackend: androidx.window.embedding.EmbeddingInterfaceCompat embeddingExtension
io.flutter.embedding.engine.FlutterJNI: android.os.Looper mainLooper
androidx.window.layout.ExtensionsWindowLayoutInfoAdapter: androidx.window.layout.ExtensionsWindowLayoutInfoAdapter INSTANCE
androidx.window.embedding.ExtensionEmbeddingBackend: java.util.concurrent.CopyOnWriteArraySet splitRules
kotlinx.coroutines.DispatchedCoroutine: int _decision