build/app/outputs/mapping/release/mapping.txt
# compiler: R8
# compiler_version: 3.1.66
# min_api: 21
# pg_map_id: 8f9ddbe
# common_typos_disable
# {"id":"com.android.tools.r8.mapping","version":"1.0"}
...
kotlin.collections.CollectionsKt__IterablesKt -> b0.j:
    int collectionSizeOrDefault(java.lang.Iterable,int) -> g
kotlin.collections.CollectionsKt__IteratorsJVMKt -> b0.k:
kotlin.collections.CollectionsKt__IteratorsKt -> b0.l:
kotlin.collections.CollectionsKt__MutableCollectionsJVMKt -> b0.m:
kotlin.collections.CollectionsKt__MutableCollectionsKt -> b0.n:
    boolean addAll(java.util.Collection,java.lang.Iterable) -> h
kotlin.collections.CollectionsKt__ReversedViewsKt -> b0.o:
kotlin.collections.CollectionsKt___CollectionsJvmKt -> b0.p:
kotlin.collections.CollectionsKt___CollectionsKt -> b0.q:
    java.lang.Appendable joinTo(java.lang.Iterable,java.lang.Appendable,java.lang.CharSequence,java.lang.CharSequence,java.lang.CharSequence,int,java.lang.CharSequence,kotlin.jvm.functions.Function1) -> i
    java.lang.Appendable joinTo$default(java.lang.Iterable,java.lang.Appendable,java.lang.CharSequence,java.lang.CharSequence,java.lang.CharSequence,int,java.lang.CharSequence,kotlin.jvm.functions.Function1,int,java.lang.Object) -> j
    java.lang.String joinToString(java.lang.Iterable,java.lang.CharSequence,java.lang.CharSequence,java.lang.CharSequence,int,java.lang.CharSequence,kotlin.jvm.functions.Function1) -> k
    java.lang.String joinToString$default(java.lang.Iterable,java.lang.CharSequence,java.lang.CharSequence,java.lang.CharSequence,int,java.lang.CharSequence,kotlin.jvm.functions.Function1,int,java.lang.Object) -> l
    java.lang.Comparable minOrNull(java.lang.Iterable) -> m
    java.lang.Object single(java.lang.Iterable) -> n
    java.lang.Object single(java.util.List) -> o
    java.util.Collection toCollection(java.lang.Iterable,java.util.Collection) -> p
    java.util.List toList(java.lang.Iterable) -> q
    java.util.List toMutableList(java.lang.Iterable) -> r
    java.util.List toMutableList(java.util.Collection) -> s
    java.util.Set toSet(java.lang.Iterable) -> t
kotlin.collections.EmptyIterator -> b0.r:
    kotlin.collections.EmptyIterator INSTANCE -> d
    void add(java.lang.Void) -> a
    java.lang.Void next() -> b
    java.lang.Void previous() -> c
    void set(java.lang.Void) -> d
kotlin.collections.EmptyList -> b0.s:
    kotlin.collections.EmptyList INSTANCE -> d
    void add(int,java.lang.Void) -> a
    boolean add(java.lang.Void) -> b
    boolean contains(java.lang.Void) -> c
    java.lang.Void get(int) -> d
    int getSize() -> e
    int indexOf(java.lang.Void) -> f
    int lastIndexOf(java.lang.Void) -> g
    java.lang.Void set(int,java.lang.Void) -> h
kotlin.collections.EmptyMap -> b0.t:
    kotlin.collections.EmptyMap INSTANCE -> d
    boolean containsValue(java.lang.Void) -> a
    java.lang.Void get(java.lang.Object) -> b
    java.util.Set getEntries() -> c
    java.util.Set getKeys() -> d
    int getSize() -> e
    java.util.Collection getValues() -> f
    java.lang.Void put(java.lang.Object,java.lang.Void) -> g
    java.lang.Void remove(java.lang.Object) -> h
kotlin.collections.EmptySet -> b0.u:
    kotlin.collections.EmptySet INSTANCE -> d
    boolean add(java.lang.Void) -> a
    boolean contains(java.lang.Void) -> b
    int getSize() -> c
kotlin.collections.IntIterator -> b0.v:
    int nextInt() -> a
kotlin.collections.MapsKt -> b0.w:
    int mapCapacity(int) -> a
      # {"id":"com.android.tools.r8.synthesized"}
    java.util.Map toMap(java.lang.Iterable) -> g
      # {"id":"com.android.tools.r8.synthesized"}
kotlin.collections.MapsKt__MapWithDefaultKt -> b0.x:
kotlin.collections.MapsKt__MapsJVMKt -> b0.y:
    int mapCapacity(int) -> a
    java.util.Map mapOf(kotlin.Pair) -> b
    java.util.Map toSingletonMap(java.util.Map) -> c
kotlin.collections.MapsKt__MapsKt -> b0.z:
    java.util.Map emptyMap() -> d
    java.util.Map optimizeReadOnlyMap(java.util.Map) -> e
    void putAll(java.util.Map,java.lang.Iterable) -> f
    java.util.Map toMap(java.lang.Iterable) -> g
    java.util.Map toMap(java.lang.Iterable,java.util.Map) -> h
kotlin.collections.MapsKt___MapsKt -> b0.a0: