build/app/outputs/mapping/release/usage.txt
kotlinx.coroutines.ExecutorCoroutineDispatcher:
    public abstract void close()
    public abstract java.util.concurrent.Executor getExecutor()
kotlinx.coroutines.ExecutorCoroutineDispatcherImpl:
    public java.lang.Object delay(long,kotlin.coroutines.Continuation)
    public kotlinx.coroutines.DisposableHandle invokeOnTimeout(long,java.lang.Runnable,kotlin.coroutines.CoroutineContext)
    private final java.util.concurrent.ScheduledFuture scheduleBlock(java.util.concurrent.ScheduledExecutorService,java.lang.Runnable,kotlin.coroutines.CoroutineContext,long)
    public void scheduleResumeAfterDelay(long,kotlinx.coroutines.CancellableContinuation)
kotlinx.coroutines.ExecutorsKt:
    public static final java.util.concurrent.Executor asExecutor(kotlinx.coroutines.CoroutineDispatcher)
    public static final kotlinx.coroutines.ExecutorCoroutineDispatcher from(java.util.concurrent.ExecutorService)
kotlinx.coroutines.ExperimentalCoroutinesApi
kotlinx.coroutines.FlowPreview
kotlinx.coroutines.GlobalScope
kotlinx.coroutines.InternalCoroutinesApi
kotlinx.coroutines.InterruptibleKt$runInterruptible$2
kotlinx.coroutines.InterruptibleKt
kotlinx.coroutines.Job$DefaultImpls:
    public static synthetic void cancel(kotlinx.coroutines.Job)
    public static synthetic boolean cancel$default(kotlinx.coroutines.Job,java.lang.Throwable,int,java.lang.Object)
    public static kotlinx.coroutines.Job plus(kotlinx.coroutines.Job,kotlinx.coroutines.Job)
kotlinx.coroutines.Job:
    public synthetic abstract void cancel()
    public synthetic abstract boolean cancel(java.lang.Throwable)
    public abstract kotlin.sequences.Sequence getChildren()
    public abstract kotlinx.coroutines.selects.SelectClause0 getOnJoin()
    public abstract kotlinx.coroutines.DisposableHandle invokeOnCompletion(kotlin.jvm.functions.Function1)
    public abstract boolean isCancelled()
    public abstract boolean isCompleted()
    public abstract java.lang.Object join(kotlin.coroutines.Continuation)
    public abstract kotlinx.coroutines.Job plus(kotlinx.coroutines.Job)
kotlinx.coroutines.JobImpl:
    public boolean complete()
    public boolean completeExceptionally(java.lang.Throwable)
kotlinx.coroutines.JobKt:
    public static final kotlinx.coroutines.DisposableHandle DisposableHandle(kotlin.jvm.functions.Function0)
    public static final synthetic kotlinx.coroutines.Job Job(kotlinx.coroutines.Job)
    public static synthetic kotlinx.coroutines.Job Job$default(kotlinx.coroutines.Job,int,java.lang.Object)
    public static final synthetic void cancel(kotlin.coroutines.CoroutineContext)
    public static final void cancel(kotlinx.coroutines.Job,java.lang.String,java.lang.Throwable)
    public static final synthetic boolean cancel(kotlin.coroutines.CoroutineContext,java.lang.Throwable)
    public static synthetic void cancel$default(kotlin.coroutines.CoroutineContext,java.util.concurrent.CancellationException,int,java.lang.Object)
    public static synthetic void cancel$default(kotlinx.coroutines.Job,java.lang.String,java.lang.Throwable,int,java.lang.Object)
    public static synthetic boolean cancel$default(kotlin.coroutines.CoroutineContext,java.lang.Throwable,int,java.lang.Object)
    public static final java.lang.Object cancelAndJoin(kotlinx.coroutines.Job,kotlin.coroutines.Continuation)
    public static final synthetic void cancelChildren(kotlin.coroutines.CoroutineContext)
    public static final synthetic void cancelChildren(kotlin.coroutines.CoroutineContext,java.lang.Throwable)
    public static final void cancelChildren(kotlin.coroutines.CoroutineContext,java.util.concurrent.CancellationException)
kotlinx.coroutines.JobKt__FutureKt
kotlinx.coroutines.JobKt__JobKt$DisposableHandle$1